Arguments: 
  /usr/local/bin/node /usr/local/bin/yarn add opengsn

PATH: 
  /Users/handonglee/.nvm/versions/node/v12.14.1/bin:/Library/Frameworks/Python.framework/Versions/3.9/bin:/usr/local/bin:/usr/bin:/bin:/usr/sbin:/sbin:/usr/local/go/bin:/Library/Apple/usr/bin:/Users/handonglee/Library/Android/sdk/emulator:/Users/handonglee/Library/Android/sdk/tools:/Users/handonglee/Library/Android/sdk/tools/bin:/Users/handonglee/Library/Android/sdk/platform-tools:/usr/local/go/bin:/Users/handonglee/go/bin:/usr/local/go/bin:/Users/handonglee/go/bin:/usr/local/go/bin:/Users/handonglee/go/bin:/usr/local/go/bin:/Users/handonglee/go/bin:/usr/local/go/bin:/Users/handonglee/go/bin

Yarn version: 
  1.22.17

Node version: 
  16.13.2

Platform: 
  darwin x64

Trace: 
  Error: https://registry.yarnpkg.com/opengsn: Not found
      at Request.params.callback [as _callback] (/usr/local/lib/node_modules/yarn/lib/cli.js:67029:18)
      at Request.self.callback (/usr/local/lib/node_modules/yarn/lib/cli.js:140883:22)
      at Request.emit (node:events:390:28)
      at Request.<anonymous> (/usr/local/lib/node_modules/yarn/lib/cli.js:141855:10)
      at Request.emit (node:events:390:28)
      at IncomingMessage.<anonymous> (/usr/local/lib/node_modules/yarn/lib/cli.js:141777:12)
      at Object.onceWrapper (node:events:509:28)
      at IncomingMessage.emit (node:events:402:35)
      at endReadableNT (node:internal/streams/readable:1343:12)
      at processTicksAndRejections (node:internal/process/task_queues:83:21)

npm manifest: 
  {
    "name": "hardhat-project",
    "devDependencies": {
      "@nomiclabs/hardhat-ethers": "^2.0.6",
      "@nomiclabs/hardhat-waffle": "^2.0.3",
      "chai": "^4.3.6",
      "ethereum-waffle": "^3.4.4",
      "ethers": "^5.6.9",
      "hardhat": "^2.9.9"
    },
    "dependencies": {
      "@nomiclabs/hardhat-etherscan": "^3.1.0",
      "@openzeppelin/contracts": "^4.7.1",
      "dotenv": "^16.0.1"
    }
  }

yarn manifest: 
  No manifest

Lockfile: 
  No lockfile
